<?xml version="1.0" encoding="UTF-8"?>
<!-- Generated by org.testng.reporters.JUnitReportReporter -->
<testsuite hostname="DESKTOP-OI7S0NU" failures="0" tests="3" name="Home" time="7.699" errors="0" timestamp="2023-12-11T20:05:39 IST" skipped="0">
  <testcase classname="Home" name="launchBrowser" time="5.868"/>
  <testcase classname="Home" name="browserConfig" time="1.675"/>
  <testcase classname="Home" name="maximizeBroswer" time="0.156"/>
</testsuite> <!-- Home -->
